0 info it worked if it ends with ok
1 verbose cli [ '/usr/local/bin/node', '/usr/local/bin/npm', 'run', 'start' ]
2 info using npm@3.8.3
3 info using node@v5.10.1
4 verbose run-script [ 'prestart', 'start', 'poststart' ]
5 info lifecycle reky-chat-app-server@1.0.0~prestart: reky-chat-app-server@1.0.0
6 silly lifecycle reky-chat-app-server@1.0.0~prestart: no script for prestart, continuing
7 info lifecycle reky-chat-app-server@1.0.0~start: reky-chat-app-server@1.0.0
8 verbose lifecycle reky-chat-app-server@1.0.0~start: unsafe-perm in lifecycle true
9 verbose lifecycle reky-chat-app-server@1.0.0~start: PATH: /usr/local/lib/node_modules/npm/bin/node-gyp-bin:/home/rubi/reky-chat-app/server/node_modules/.bin:/usr/local/bin:/usr/local/heroku/bin:~/Android/Sdk/tools:~/Android/Sdk/platform-tools:~/Java/android-studio/bin/:/home/rubi/.rvm/gems/ruby-2.2.1/bin:/home/rubi/.rvm/gems/ruby-2.2.1@global/bin:/home/rubi/.rvm/rubies/ruby-2.2.1/bin:/opt/OpenPrinting-Gutenprint/sbin:/opt/OpenPrinting-Gutenprint/bin:/usr/local/sbin:/usr/local/bin:/usr/sbin:/usr/bin:/sbin:/bin:/usr/games:/usr/local/games:/snap/bin:/home/rubi/.rvm/bin:/home/rubi/.rvm/bin
10 verbose lifecycle reky-chat-app-server@1.0.0~start: CWD: /home/rubi/reky-chat-app/server
11 silly lifecycle reky-chat-app-server@1.0.0~start: Args: [ '-c', 'node server.js' ]
12 silly lifecycle reky-chat-app-server@1.0.0~start: Returned: code: 143  signal: null
13 info lifecycle reky-chat-app-server@1.0.0~start: Failed to exec start script
14 verbose stack Error: reky-chat-app-server@1.0.0 start: `node server.js`
14 verbose stack Exit status 143
14 verbose stack     at EventEmitter.<anonymous> (/usr/local/lib/node_modules/npm/lib/utils/lifecycle.js:239:16)
14 verbose stack     at emitTwo (events.js:100:13)
14 verbose stack     at EventEmitter.emit (events.js:185:7)
14 verbose stack     at ChildProcess.<anonymous> (/usr/local/lib/node_modules/npm/lib/utils/spawn.js:24:14)
14 verbose stack     at emitTwo (events.js:100:13)
14 verbose stack     at ChildProcess.emit (events.js:185:7)
14 verbose stack     at maybeClose (internal/child_process.js:850:16)
14 verbose stack     at Process.ChildProcess._handle.onexit (internal/child_process.js:215:5)
15 verbose pkgid reky-chat-app-server@1.0.0
16 verbose cwd /home/rubi/reky-chat-app/server
17 error Linux 4.4.0-45-generic
18 error argv "/usr/local/bin/node" "/usr/local/bin/npm" "run" "start"
19 error node v5.10.1
20 error npm  v3.8.3
21 error code ELIFECYCLE
22 error reky-chat-app-server@1.0.0 start: `node server.js`
22 error Exit status 143
23 error Failed at the reky-chat-app-server@1.0.0 start script 'node server.js'.
23 error Make sure you have the latest version of node.js and npm installed.
23 error If you do, this is most likely a problem with the reky-chat-app-server package,
23 error not with npm itself.
23 error Tell the author that this fails on your system:
23 error     node server.js
23 error You can get information on how to open an issue for this project with:
23 error     npm bugs reky-chat-app-server
23 error Or if that isn't available, you can get their info via:
23 error     npm owner ls reky-chat-app-server
23 error There is likely additional logging output above.
24 verbose exit [ 1, true ]
